<?xml version="1.0" encoding="UTF-8"?>
<!-- Generated by org.testng.reporters.JUnitReportReporter -->
<testsuite hostname="BENSACHINB3" failures="0" tests="1" name="wikipediaProject.Task2Test" time="15.186" errors="0" timestamp="2025-01-12T01:09:19 IST" skipped="0">
  <testcase classname="wikipediaProject.Task2Test" name="test1" time="15.186"/>
</testsuite> <!-- wikipediaProject.Task2Test -->
