<?xml version="1.0" encoding="UTF-8"?>
<!-- Generated by org.testng.reporters.JUnitReportReporter -->
<testsuite hostname="BENSACHINB3" failures="0" tests="2" name="wikipediaProject.Task3Test" time="17.101" errors="0" timestamp="2025-01-12T01:59:30 IST" skipped="0">
  <testcase classname="wikipediaProject.Task3Test" name="test1" time="6.122"/>
  <testcase classname="wikipediaProject.Task3Test" name="test2" time="10.979"/>
</testsuite> <!-- wikipediaProject.Task3Test -->
