<?xml version="1.0" encoding="UTF-8"?>
<!-- Generated by org.testng.reporters.JUnitReportReporter -->
<testsuite hostname="BENSACHINB3" failures="0" tests="1" name="wikipediaProject.Task1Test" time="21.209" errors="0" timestamp="2025-01-12T00:11:42 IST" skipped="0">
  <testcase classname="wikipediaProject.Task1Test" name="test1" time="21.209"/>
</testsuite> <!-- wikipediaProject.Task1Test -->
